<?xml version="1.0" encoding="UTF-8"?>
<!-- Generated by org.testng.reporters.JUnitXMLReporter -->
<testsuite hostname="MacBook-Pro-Dastan.local" ignored="0" name="Default test" tests="2" failures="2" timestamp="01 Jul 2018 19:04:59 GMT" time="0.379" errors="0">
  <testcase name="runScenario" time="0.032" classname="cucumber.api.testng.AbstractTestNGCucumberTests">
    <failure/>
  </testcase> <!-- runScenario -->
  <testcase name="runScenario" time="0.014" classname="cucumber.api.testng.AbstractTestNGCucumberTests">
    <failure/>
  </testcase> <!-- runScenario -->
</testsuite> <!-- Default test -->
